[27-Jul-2012 20:37:24]
lang=no_lang controller=home action=ajax-add-account arguments=
Fatal error: Call to undefined method AccountORM::getMovementsSince() in /var/www/personales/expenditure-control/application/views/home/account.php on line 8

[27-Jul-2012 20:37:31]
lang=no_lang controller=home action=index arguments=
Fatal error: Call to undefined method AccountORM::getMovementsSince() in /var/www/personales/expenditure-control/application/views/home/account.php on line 8

[27-Jul-2012 20:40:28]
lang=no_lang controller=home action=ajax-add-account arguments=
Fatal error: Call to undefined method AccountORM::getMovementsSince() in /var/www/personales/expenditure-control/application/views/home/account.php on line 8

[27-Jul-2012 20:40:33]
lang=no_lang controller=home action=index arguments=
Fatal error: Call to undefined method AccountORM::getMovementsSince() in /var/www/personales/expenditure-control/application/views/home/account.php on line 8

[27-Jul-2012 20:43:54]
lang=no_lang controller=home action=index arguments=
Notice: Undefined property: AccountORM::$color in /var/www/personales/expenditure-control/application/views/home/account.php on line 3

[27-Jul-2012 21:39:03]
lang=no_lang controller=home action=index arguments=
QuarkORMEngine::query(): SQLSTATE[HY093]: Invalid parameter number: number of bound variables does not match number of tokens

[27-Jul-2012 21:39:03]
lang=no_lang controller=home action=index arguments=
Fatal error: Uncaught exception 'QuarkORMException' with message 'PDOException: SQLSTATE[HY093]: Invalid parameter number: number of bound variables does not match number of tokens' in /var/www/personales/expenditure-control/system/classes/QuarkORMEngine.php:130
Stack trace:
#0 /var/www/personales/expenditure-control/system/classes/QuarkORMQueryBuilder.php(360): QuarkORMEngine::query('SELECT * FROM `...', Array, 'default')
#1 /var/www/personales/expenditure-control/system/classes/QuarkORMQueryBuilder.php(425): QuarkORMQueryBuilder->exec()
#2 /var/www/personales/expenditure-control/application/orm/MovementORM.php(53): QuarkORMQueryBuilder->puff()
#3 /var/www/personales/expenditure-control/application/views/home/account.php(10): MovementORM::getSince('1', 0, 10)
#4 /var/www/personales/expenditure-control/system/classes/QuarkController.php(336): require('/var/www/person...')
#5 /var/www/personales/expenditure-control/application/views/home/index.php(74): QuarkController->renderView('home/account.ph...', Array)
#6 /var/www/pe in /var/www/personales/expenditure-control/system/classes/QuarkORMEngine.php on line 130

[27-Jul-2012 21:40:22]
lang=no_lang controller=home action=index arguments=
Warning: number_format() expects parameter 2 to be long, string given in /var/www/personales/expenditure-control/application/views/home/movement.php on line 15

[27-Jul-2012 21:40:33]
lang=no_lang controller=home action=index arguments=
Warning: Wrong parameter count for number_format() in /var/www/personales/expenditure-control/application/views/home/movement.php on line 15

[27-Jul-2012 22:44:07]
lang=no_lang controller=home action=index arguments=
QuarkORMEngine::query(): SQLSTATE[42000]: Syntax error or access violation: 1064 You have an error in your SQL syntax; check the manual that corresponds to your MySQL server version for the right syntax to use near '' at line 1

[27-Jul-2012 22:44:07]
lang=no_lang controller=home action=index arguments=
Notice: Undefined variable: limit in /var/www/personales/expenditure-control/application/orm/MovementORM.php on line 52
Fatal error: Uncaught exception 'QuarkORMException' with message 'PDOException: SQLSTATE[42000]: Syntax error or access violation: 1064 You have an error in your SQL syntax; check the manual that corresponds to your MySQL server version for the right syntax to use near '' at line 1' in /var/www/personales/expenditure-control/system/classes/QuarkORMEngine.php:130
Stack trace:
#0 /var/www/personales/expenditure-control/system/classes/QuarkORMQueryBuilder.php(360): QuarkORMEngine::query('SELECT * FROM `...', Array, 'default')
#1 /var/www/personales/expenditure-control/system/classes/QuarkORMQueryBuilder.php(425): QuarkORMQueryBuilder->exec()
#2 /var/www/personales/expenditure-control/application/orm/MovementORM.php(52): QuarkORMQueryBuilder->puff()
#3 /var/www/personales/expenditure-control/application/views/home/account.php(11): MovementORM::getSince('1')
#4 /var/www/personales/expenditure-control/system/classes/QuarkController.php(336): require('/var/www/person...')
#5 /var/www/personales/expenditure-control/application/vi in /var/www/personales/expenditure-control/system/classes/QuarkORMEngine.php on line 130

[27-Jul-2012 22:58:06]
lang=no_lang controller=home action=index arguments=
QuarkORMEngine::query(): SQLSTATE[42000]: Syntax error or access violation: 1064 You have an error in your SQL syntax; check the manual that corresponds to your MySQL server version for the right syntax to use near '=> '8' AND `accounts_id` = '1') ORDER BY date DESC LIMIT 1' at line 1

[27-Jul-2012 22:58:06]
lang=no_lang controller=home action=index arguments=
Fatal error: Uncaught exception 'QuarkORMException' with message 'PDOException: SQLSTATE[42000]: Syntax error or access violation: 1064 You have an error in your SQL syntax; check the manual that corresponds to your MySQL server version for the right syntax to use near '=> '8' AND `accounts_id` = '1') ORDER BY date DESC LIMIT 1' at line 1' in /var/www/personales/expenditure-control/system/classes/QuarkORMEngine.php:130
Stack trace:
#0 /var/www/personales/expenditure-control/system/classes/QuarkORMQueryBuilder.php(360): QuarkORMEngine::query('SELECT * FROM `...', Array, 'default')
#1 /var/www/personales/expenditure-control/system/classes/QuarkORMQueryBuilder.php(425): QuarkORMQueryBuilder->exec()
#2 /var/www/personales/expenditure-control/application/orm/MovementORM.php(57): QuarkORMQueryBuilder->puff()
#3 /var/www/personales/expenditure-control/application/views/home/account.php(11): MovementORM::getSince('8', '1')
#4 /var/www/personales/expenditure-control/system/classes/QuarkController.php(336): require('/var/www/person in /var/www/personales/expenditure-control/system/classes/QuarkORMEngine.php on line 130

[28-Jul-2012 01:06:29]
lang=no_lang controller=home action=ajax-change-movement-type arguments=
QuarkORMEngine::query(): SQLSTATE[42000]: Syntax error or access violation: 1064 You have an error in your SQL syntax; check the manual that corresponds to your MySQL server version for the right syntax to use near '=> '11' AND `users_id` = '8')' at line 1

